env: load .env
env: export EXPO_PUBLIC_SUPABASE_URL EXPO_PUBLIC_SUPABASE_KEY EXPO_PUBLIC_SPOTIFY_CLIENT_ID EXPO_PUBLIC_SPOTIFY_CLIENT_SECRET EXPO_PUBLIC_APPLE_MUSIC_KEY_ID EXPO_PUBLIC_APPLE_MUSIC_TEAM_ID EXPO_PUBLIC_APPLE_MUSIC_PRIVATE_KEY EXPO_PUBLIC_APPLE_MUSIC_JWT_SERVER_URL APPLE_MUSIC_KEY_ID APPLE_MUSIC_TEAM_ID APPLE_MUSIC_PRIVATE_KEY APPLE_MUSIC_JWT_SERVER_URL
› Skipping dev server
Unexpected devicectl JSON version output from devicectl. Connecting to physical Apple devices may not work as expected.
› Using --device 00008030-0015654C1ED8C02E
› Auto signing app using team(s): 5W892YU78M, 5W892YU78M
› Planning build
    Run script build phase '[CP-User] [Hermes] Replace Hermes for the right configuration, if needed' will be run during every build because it does not specify any outputs. To address this issue, either add output dependencies to the script phase, or configure it to run in every build by unchecking "Based on dependency analysis" in the script phase. (in target 'hermes-engine' from project 'Pods')
› Executing react-native Pods/hermes-engine » [CP-User] [Hermes] Replace Hermes for the right configuration, if needed
› Preparing Pods/EXApplication-ExpoApplication_privacy » ResourceBundle-ExpoApplication_privacy-EXApplication-Info.plist
› Preparing Pods/boost-boost_privacy » ResourceBundle-boost_privacy-boost-Info.plist
› Preparing Pods/FirebaseCoreInternal-FirebaseCoreInternal_Privacy » ResourceBundle-FirebaseCoreInternal_Privacy-FirebaseCoreInternal-Info.plist
› Preparing expo-dev-menu-interface Pods/expo-dev-menu-interface » expo-dev-menu-interface-Info.plist
    Run script build phase 'Create Symlinks to Header Folders' will be run during every build because it does not specify any outputs. To address this issue, either add output dependencies to the script phase, or configure it to run in every build by unchecking "Based on dependency analysis" in the script phase. (in target 'fmt' from project 'Pods')
› Executing react-native Pods/fmt » Create Symlinks to Header Folders
› Executing react-native Pods/Yoga » Create Symlinks to Header Folders
› Executing react-native Pods/React-debug » Create Symlinks to Header Folders
› Executing react-native Pods/React-rendererconsistency » Create Symlinks to Header Folders
› Preparing Pods/FirebaseInstallations-FirebaseInstallations_Privacy » ResourceBundle-FirebaseInstallations_Privacy-FirebaseInstallations-Info.plist
› Preparing Pods/PromisesObjC-FBLPromises_Privacy » ResourceBundle-FBLPromises_Privacy-PromisesObjC-Info.plist
› Preparing Pods/FirebaseCore-FirebaseCore_Privacy » ResourceBundle-FirebaseCore_Privacy-FirebaseCore-Info.plist
› Preparing Pods/nanopb-nanopb_Privacy » ResourceBundle-nanopb_Privacy-nanopb-Info.plist
› Preparing Pods/glog-glog_privacy » ResourceBundle-glog_privacy-glog-Info.plist
› Preparing Pods/GoogleUtilities-GoogleUtilities_Privacy » ResourceBundle-GoogleUtilities_Privacy-GoogleUtilities-Info.plist
› Preparing react-native Pods/RCTDeprecation » RCTDeprecation-Info.plist
› Preparing expo-json-utils Pods/EXJSONUtils » EXJSONUtils-Info.plist
› Preparing react-native Pods/DoubleConversion » DoubleConversion-Info.plist
› Preparing react-native Pods/SocketRocket » SocketRocket-Info.plist
› Preparing react-native Pods/React-oscompat » React-oscompat-Info.plist
› Preparing expo-constants Pods/EXConstants-EXConstants » ResourceBundle-EXConstants-EXConstants-Info.plist
› Preparing react-native Pods/glog » glog-Info.plist
› Preparing @react-native-firebase/analytics Pods/nanopb » nanopb-Info.plist
› Preparing react-native Pods/fmt » fmt-Info.plist
› Preparing react-native Pods/Yoga » Yoga-Info.plist
› Preparing react-native Pods/React-rendererconsistency » React-rendererconsistency-Info.plist
› Preparing react-native Pods/React-debug » React-debug-Info.plist
› Preparing @react-native-firebase/analytics Pods/PromisesObjC » PromisesObjC-Info.plist
› Preparing Pods/GoogleUtilities » GoogleUtilities-Info.plist
    Run script build phase 'Create Symlinks to Header Folders' will be run during every build because it does not specify any outputs. To address this issue, either add output dependencies to the script phase, or configure it to run in every build by unchecking "Based on dependency analysis" in the script phase. (in target 'React-Mapbuffer' from project 'Pods')
› Executing react-native Pods/React-Mapbuffer » Create Symlinks to Header Folders
› Preparing Pods/React-Core-React-Core_privacy » ResourceBundle-React-Core_privacy-React-Core-Info.plist
› Preparing react-native Pods/React-logger » React-logger-Info.plist
› Preparing @react-native-firebase/app Pods/FirebaseCoreInternal » FirebaseCoreInternal-Info.plist
› Preparing Pods/EXConstants-ExpoConstants_privacy » ResourceBundle-ExpoConstants_privacy-EXConstants-Info.plist
› Preparing Pods/RCT-Folly-RCT-Folly_privacy » ResourceBundle-RCT-Folly_privacy-RCT-Folly-Info.plist
› Preparing Pods/RNSVG-RNSVGFilters » ResourceBundle-RNSVGFilters-RNSVG-Info.plist
› Preparing Pods/React-cxxreact-React-cxxreact_privacy » ResourceBundle-React-cxxreact_privacy-React-cxxreact-Info.plist
› Preparing Pods/expo-dev-menu-EXDevMenu » ResourceBundle-EXDevMenu-expo-dev-menu-Info.plist
› Preparing Pods/ExpoFileSystem-ExpoFileSystem_privacy » ResourceBundle-ExpoFileSystem_privacy-ExpoFileSystem-Info.plist
› Preparing Pods/EXNotifications-ExpoNotifications_privacy » ResourceBundle-ExpoNotifications_privacy-EXNotifications-Info.plist
› Preparing Pods/RNCAsyncStorage-RNCAsyncStorage_resources » ResourceBundle-RNCAsyncStorage_resources-RNCAsyncStorage-Info.plist
› Preparing platnm/ShareExtension » Info.plist
› Preparing Pods/expo-dev-launcher-EXDevLauncher » ResourceBundle-EXDevLauncher-expo-dev-launcher-Info.plist
› Executing react-native Pods/RCT-Folly » Create Symlinks to Header Folders
› Preparing react-native Pods/React-Mapbuffer » React-Mapbuffer-Info.plist
› Preparing @react-native-firebase/app Pods/FirebaseCore » FirebaseCore-Info.plist
› Preparing react-native Pods/RCT-Folly » RCT-Folly-Info.plist
› Signing   platnm/ShareExtension » ShareExtension.appex
› Preparing @react-native-firebase/analytics Pods/FirebaseInstallations » FirebaseInstallations-Info.plist
› Executing react-native Pods/React-rendererdebug » Create Symlinks to Header Folders
› Executing react-native Pods/React-jsinspectortracing » Create Symlinks to Header Folders
› Executing react-native Pods/React-featureflags » Create Symlinks to Header Folders
› Preparing react-native Pods/React-perflogger » React-perflogger-Info.plist
› Preparing react-native Pods/React-jsi » React-jsi-Info.plist
› Preparing react-native Pods/React-rendererdebug » React-rendererdebug-Info.plist
› Preparing react-native Pods/React-jsinspectortracing » React-jsinspectortracing-Info.plist
› Preparing react-native Pods/React-featureflags » React-featureflags-Info.plist
› Preparing react-native Pods/React-jsinspector » React-jsinspector-Info.plist
› Preparing react-native Pods/React-cxxreact » React-cxxreact-Info.plist
› Executing react-native Pods/React-performancetimeline » Create Symlinks to Header Folders
› Executing react-native Pods/React-jsitooling » Create Symlinks to Header Folders
› Preparing react-native Pods/React-jsiexecutor » React-jsiexecutor-Info.plist
› Preparing react-native Pods/React-jsitooling » React-jsitooling-Info.plist
› Preparing react-native Pods/React-performancetimeline » React-performancetimeline-Info.plist
› Preparing react-native Pods/React-hermes » React-hermes-Info.plist
    Run script build phase 'Create Symlinks to Header Folders' will be run during every build because it does not specify any outputs. To address this issue, either add output dependencies to the script phase, or configure it to run in every build by unchecking "Based on dependency analysis" in the script phase. (in target 'React-utils' from project 'Pods')
› Executing react-native Pods/React-utils » Create Symlinks to Header Folders
› Preparing react-native Pods/React-utils » React-utils-Info.plist
    Run script build phase 'Create Symlinks to Header Folders' will be run during every build because it does not specify any outputs. To address this issue, either add output dependencies to the script phase, or configure it to run in every build by unchecking "Based on dependency analysis" in the script phase. (in target 'ReactCommon' from project 'Pods')
› Executing react-native Pods/ReactCommon » Create Symlinks to Header Folders
› Executing react-native Pods/React-runtimescheduler » Create Symlinks to Header Folders
› Executing react-native Pods/React-graphics » Create Symlinks to Header Folders
› Executing react-native Pods/React-renderercss » Create Symlinks to Header Folders
› Preparing react-native Pods/ReactCommon » ReactCommon-Info.plist
› Preparing react-native Pods/React-graphics » React-graphics-Info.plist
› Compiling react-native Pods/React-Core » RCTWindowSafeAreaProxy.mm
› Compiling react-native Pods/React-Core » RCTUIManagerObserverCoordinator.mm
› Executing react-native Pods/React-jserrorhandler » Create Symlinks to Header Folders
› Compiling react-native Pods/React-Core » RCTTraitCollectionProxy.mm
› Compiling react-native Pods/React-Core » RCTUIManager.mm
› Compiling react-native Pods/React-Core » RCTSurfaceView.mm
› Compiling react-native Pods/React-Core » RCTSurfaceSizeMeasureMode.mm
› Compiling react-native Pods/React-Core » RCTSurfaceRootView.mm
› Compiling react-native Pods/React-Core » RCTSurfaceHostingView.mm
› Compiling react-native Pods/React-Core » RCTSurfaceHostingProxyRootView.mm
› Compiling react-native Pods/React-Core » RCTSurface.mm
› Compiling react-native Pods/React-Core » RCTRootView.m
› Compiling react-native Pods/React-Core » RCTPerformanceLogger.mm
› Compiling react-native Pods/React-Core » RCTPausedInDebuggerOverlayController.mm
› Compiling react-native Pods/React-Core » RCTPackagerConnection.mm
› Compiling react-native Pods/React-Core » RCTObjcExecutor.mm
› Compiling react-native Pods/React-Core » RCTNativeModule.mm
› Compiling react-native Pods/React-Core » RCTModuleMethod.mm
› Compiling react-native Pods/React-Core » RCTModuleData.mm
› Compiling react-native Pods/React-Core » RCTMessageThread.mm
› Compiling react-native Pods/React-Core » RCTManagedPointer.mm
› Compiling react-native Pods/React-Core » RCTLog.mm
› Compiling react-native Pods/React-Core » RCTLocalizedString.mm
› Compiling react-native Pods/React-Core » RCTKeyWindowValuesProxy.mm
› Compiling react-native Pods/React-Core » RCTJavaScriptLoader.mm
› Compiling react-native Pods/React-Core » RCTJSIExecutorRuntimeInstaller.mm
› Compiling react-native Pods/React-Core » RCTInspectorUtils.mm
› Compiling react-native Pods/React-Core » RCTInspectorNetworkHelper.mm
› Compiling react-native Pods/React-Core » RCTInspectorDevServerHelper.mm
› Compiling react-native Pods/React-Core » RCTInspector.mm
› Compiling react-native Pods/React-Core » RCTInitializeUIKitProxies.mm
› Compiling react-native Pods/React-Core » RCTInitialAccessibilityValuesProxy.mm
› Compiling react-native Pods/React-Core » RCTFont.mm
› Compiling react-native Pods/React-Core » RCTFollyConvert.mm
› Compiling react-native Pods/React-Core » RCTDevLoadingViewSetEnabled.m
› Compiling react-native Pods/React-Core » RCTDefaultCxxLogFunction.mm
› Compiling react-native Pods/React-Core » RCTDebuggingOverlayManager.m
› Compiling react-native Pods/React-Core » RCTCxxUtils.mm
› Compiling react-native Pods/React-Core » RCTCxxModule.mm
› Compiling react-native Pods/React-Core » RCTCxxMethod.mm
› Compiling react-native Pods/React-Core » RCTCxxInspectorWebSocketAdapter.mm
› Compiling react-native Pods/React-Core » RCTCxxInspectorPackagerConnectionDelegate.mm
› Compiling react-native Pods/React-Core » RCTCxxInspectorPackagerConnection.mm
› Compiling react-native Pods/React-Core » RCTCxxBridge.mm
› Compiling react-native Pods/React-Core » RCTConvert.mm
› Compiling react-native Pods/React-Core » RCTComponentData.mm
› Compiling react-native Pods/React-Core » RCTCallInvoker.mm
› Compiling react-native Pods/React-Core » RCTBundleURLProvider.mm
› Compiling react-native Pods/React-Core » RCTBundleManager.m
› Compiling react-native Pods/React-Core » RCTBridgeProxy.mm
› Compiling react-native Pods/React-Core » RCTBridgeModuleDecorator.m
› Compiling react-native Pods/React-Core » RCTBridgeConstants.m
› Compiling react-native Pods/React-Core » RCTBridge.mm
› Compiling react-native Pods/React-Core » RCTBorderDrawing.m
› Compiling react-native Pods/React-Core » RCTAssert.m
› Compiling react-native Pods/React-Core » NSDataBigString.mm
› Preparing react-native Pods/React-runtimescheduler » React-runtimescheduler-Info.plist
› Preparing react-native Pods/React-renderercss » React-renderercss-Info.plist
› Preparing react-native Pods/React-jserrorhandler » React-jserrorhandler-Info.plist
› Compiling react-native Pods/React-Core » UIView+React.m
› Compiling react-native Pods/React-Core » React_vers.c
› Compiling react-native Pods/React-Core » RCTWrapperViewController.m
› Compiling react-native Pods/React-Core » RCTViewUtils.m
› Compiling react-native Pods/React-Core » RCTViewRegistry.m
› Compiling react-native Pods/React-Core » RCTViewManager.m
› Compiling react-native Pods/React-Core » RCTVersion.m
› Compiling react-native Pods/React-Core » RCTView.m
› Compiling react-native Pods/React-Core » RCTUtilsUIOverride.m
› Compiling react-native Pods/React-Core » RCTUtils.m
› Compiling react-native Pods/React-Core » RCTUIManagerUtils.m
› Compiling react-native Pods/React-Core » RCTTouchHandler.m
› Compiling react-native Pods/React-Core » RCTTouchEvent.m
› Compiling react-native Pods/React-Core » React-Core-dummy.m
› Compiling react-native Pods/React-Core » RCTSwitchManager.m
› Compiling react-native Pods/React-Core » RCTSwitch.m
› Compiling react-native Pods/React-Core » RCTSurfaceStage.m
› Compiling react-native Pods/React-Core » RCTSurfaceRootShadowView.m
› Compiling react-native Pods/React-Core » RCTSurfacePresenterStub.m
› Compiling react-native Pods/React-Core » RCTShadowView.m
› Compiling react-native Pods/React-Core » RCTShadowView+Layout.m
› Compiling react-native Pods/React-Core » RCTShadowView+Internal.m
› Compiling react-native Pods/React-Core » RCTScrollViewManager.m
› Compiling react-native Pods/React-Core » RCTScrollView.m
› Compiling react-native Pods/React-Core » RCTScrollEvent.m
› Compiling react-native Pods/React-Core » RCTScrollContentViewManager.m
› Compiling react-native Pods/React-Core » RCTScrollContentView.m
› Compiling react-native Pods/React-Core » RCTScrollContentShadowView.m
› Compiling react-native Pods/React-Core » RCTSafeAreaViewManager.m
› Compiling react-native Pods/React-Core » RCTSafeAreaViewLocalData.m
› Compiling react-native Pods/React-Core » RCTSafeAreaView.m
› Compiling react-native Pods/React-Core » RCTRootShadowView.m
› Compiling react-native Pods/React-Core » RCTSafeAreaShadowView.m
› Compiling react-native Pods/React-Core » RCTRootContentView.m
› Compiling react-native Pods/React-Core » RCTReloadCommand.m
› Compiling react-native Pods/React-Core » RCTRefreshControl.m
› Compiling react-native Pods/React-Core » RCTRefreshControlManager.m
› Compiling react-native Pods/React-Core » RCTRedBoxSetEnabled.m
› Compiling react-native Pods/React-Core » RCTRedBoxExtraDataViewController.m
› Compiling react-native Pods/React-Core » RCTReconnectingWebSocket.m
› Compiling react-native Pods/React-Core » RCTPerformanceLoggerLabels.m
› Compiling react-native Pods/React-Core » RCTParserUtils.m
› Compiling react-native Pods/React-Core » RCTProfile.m
› Compiling react-native Pods/React-Core » RCTMultipartStreamReader.m
› Compiling react-native Pods/React-Core » RCTPackagerClient.m
› Compiling react-native Pods/React-Core » RCTMultipartDataTask.m
› Compiling react-native Pods/React-Core » RCTModalManager.m
› Compiling react-native Pods/React-Core » RCTModuleRegistry.m
› Compiling react-native Pods/React-Core » RCTModalHostViewController.m
› Compiling react-native Pods/React-Core » RCTLayoutAnimationGroup.m
› Compiling react-native Pods/React-Core » RCTModalHostView.m
› Compiling react-native Pods/React-Core » RCTModalHostViewManager.m
› Compiling react-native Pods/React-Core » RCTLayoutAnimation.m
› Compiling react-native Pods/React-Core » RCTJSThread.m
› Compiling react-native Pods/React-Core » RCTKeyCommands.m
› Compiling react-native Pods/React-Core » RCTLayout.m
› Compiling react-native Pods/React-Core » RCTJSStackFrame.m
› Compiling react-native Pods/React-Core » RCTImageSource.m
› Compiling react-native Pods/React-Core » RCTI18nUtil.m
› Compiling react-native Pods/React-Core » RCTFrameUpdate.m
› Compiling react-native Pods/React-Core » RCTEventDispatcher.m
› Compiling react-native Pods/React-Core » RCTEventEmitter.m
› Compiling react-native Pods/React-Core » RCTErrorInfo.m
› Compiling react-native Pods/React-Core » RCTDebuggingOverlay.m
› Compiling react-native Pods/React-Core » RCTDisplayLink.m
› Compiling react-native Pods/React-Core » RCTCxxConvert.m
› Compiling react-native Pods/React-Core » RCTConstants.m
› Compiling react-native Pods/React-Core » RCTConvert+Transform.m
› Compiling react-native Pods/React-Core » RCTComponentEvent.m
› Compiling react-native Pods/React-Core » RCTCallableJSModules.m
› Preparing react-native Pods/React-Core » React-Core-Info.plist
› Compiling react-native Pods/React-Core » RCTConvert+CoreLocation.m
› Compiling react-native Pods/React-Core » RCTActivityIndicatorViewManager.m
› Compiling react-native Pods/React-Core » RCTActivityIndicatorView.m
    Run script build phase 'Create Symlinks to Header Folders' will be run during every build because it does not specify any outputs. To address this issue, either add output dependencies to the script phase, or configure it to run in every build by unchecking "Based on dependency analysis" in the script phase. (in target 'React-NativeModulesApple' from project 'Pods')
› Executing react-native Pods/React-NativeModulesApple » Create Symlinks to Header Folders
› Preparing react-native Pods/React-RCTText » React-RCTText-Info.plist
› Preparing @react-native-firebase/app Pods/RNFBApp » RNFBApp-Info.plist
› Preparing react-native Pods/RCTTypeSafety » RCTTypeSafety-Info.plist
› Preparing react-native Pods/React-NativeModulesApple » React-NativeModulesApple-Info.plist
› Preparing @react-native-firebase/analytics Pods/RNFBAnalytics » RNFBAnalytics-Info.plist
› Executing react-native Pods/React-Fabric » [CP-User] [RN]Check rncore
› Executing react-native Pods/React-RCTFBReactNativeSpec » [CP-User] [RN]Check FBReactNativeSpec
› Preparing react-native Pods/React-RCTFBReactNativeSpec » React-RCTFBReactNativeSpec-Info.plist
› Executing react-native Pods/React-Fabric » Create Symlinks to Header Folders
› Executing react-native Pods/React-microtasksnativemodule » Create Symlinks to Header Folders
› Executing react-native Pods/React-idlecallbacksnativemodule » Create Symlinks to Header Folders
› Preparing react-native Pods/React-RCTNetwork » React-RCTNetwork-Info.plist
› Executing react-native Pods/React-featureflagsnativemodule » Create Symlinks to Header Folders
› Preparing react-native Pods/React-RCTSettings » React-RCTSettings-Info.plist
› Preparing react-native Pods/React-RCTLinking » React-RCTLinking-Info.plist
› Preparing react-native Pods/React-RCTVibration » React-RCTVibration-Info.plist
› Preparing react-native Pods/React-RCTAnimation » React-RCTAnimation-Info.plist
› Preparing react-native Pods/React-microtasksnativemodule » React-microtasksnativemodule-Info.plist
› Preparing react-native Pods/React-featureflagsnativemodule » React-featureflagsnativemodule-Info.plist
› Preparing react-native Pods/React-Fabric » React-Fabric-Info.plist
› Preparing react-native Pods/React-idlecallbacksnativemodule » React-idlecallbacksnativemodule-Info.plist
› Preparing react-native Pods/React-RCTImage » React-RCTImage-Info.plist
› Preparing react-native Pods/React-RCTBlob » React-RCTBlob-Info.plist
› Executing react-native Pods/React-RuntimeCore » Create Symlinks to Header Folders
› Executing react-native Pods/React-ImageManager » Create Symlinks to Header Folders
› Executing react-native Pods/React-FabricComponents » [CP-User] [RN]Check rncore
› Preparing react-native Pods/React-RuntimeCore » React-RuntimeCore-Info.plist
› Preparing react-native-apple-music-user-token Pods/react-native-apple-music-user-token » react-native-apple-music-user-token-Info.plist
› Preparing react-native Pods/React-CoreModules » React-CoreModules-Info.plist
› Preparing react-native Pods/React-ImageManager » React-ImageManager-Info.plist
› Executing react-native Pods/React-FabricComponents » Create Symlinks to Header Folders
› Preparing react-native Pods/React-FabricComponents » React-FabricComponents-Info.plist
    Run script build phase 'Create Symlinks to Header Folders' will be run during every build because it does not specify any outputs. To address this issue, either add output dependencies to the script phase, or configure it to run in every build by unchecking "Based on dependency analysis" in the script phase. (in target 'React-FabricImage' from project 'Pods')
› Executing react-native Pods/React-FabricImage » Create Symlinks to Header Folders
› Executing react-native Pods/React-RuntimeHermes » Create Symlinks to Header Folders
› Executing react-native Pods/React-domnativemodule » Create Symlinks to Header Folders
› Preparing react-native Pods/React-RuntimeHermes » React-RuntimeHermes-Info.plist
› Preparing react-native Pods/React-FabricImage » React-FabricImage-Info.plist
› Preparing react-native Pods/React-domnativemodule » React-domnativemodule-Info.plist
› Preparing react-native Pods/React-RCTFabric » React-RCTFabric-Info.plist
› Executing react-native Pods/React-defaultsnativemodule » Create Symlinks to Header Folders
› Executing react-native Pods/React-RuntimeApple » Create Symlinks to Header Folders
› Preparing react-native Pods/React-defaultsnativemodule » React-defaultsnativemodule-Info.plist
› Preparing react-native Pods/React-RuntimeApple » React-RuntimeApple-Info.plist
    Run script build phase 'Create Symlinks to Header Folders' will be run during every build because it does not specify any outputs. To address this issue, either add output dependencies to the script phase, or configure it to run in every build by unchecking "Based on dependency analysis" in the script phase. (in target 'React-RCTRuntime' from project 'Pods')
› Executing react-native Pods/React-RCTRuntime » Create Symlinks to Header Folders
› Preparing react-native Pods/React-RCTRuntime » React-RCTRuntime-Info.plist
› Preparing react-native Pods/React-RCTAppDelegate » React-RCTAppDelegate-Info.plist
    Run script build phase 'Create Symlinks to Header Folders' will be run during every build because it does not specify any outputs. To address this issue, either add output dependencies to the script phase, or configure it to run in every build by unchecking "Based on dependency analysis" in the script phase. (in target 'ReactCodegen' from project 'Pods')
› Executing platnm Pods/ReactCodegen » Create Symlinks to Header Folders
› Preparing platnm Pods/ReactCodegen » ReactCodegen-Info.plist
› Preparing react-native-svg Pods/RNSVG » RNSVG-Info.plist
› Preparing @react-native-async-storage/async-storage Pods/RNCAsyncStorage » RNCAsyncStorage-Info.plist
› Preparing react-native-safe-area-context Pods/react-native-safe-area-context » react-native-safe-area-context-Info.plist
› Preparing react-native-webview Pods/react-native-webview » react-native-webview-Info.plist
› Executing react-native-reanimated Pods/RNReanimated » Create Symlinks to Header Folders
› Preparing react-native-gesture-handler Pods/RNGestureHandler » RNGestureHandler-Info.plist
› Preparing react-native-screens Pods/RNScreens » RNScreens-Info.plist
› Preparing expo-modules-core Pods/ExpoModulesCore » ExpoModulesCore-Info.plist
› Preparing platnm Pods/ReactAppDependencyProvider » ReactAppDependencyProvider-Info.plist
› Preparing react-native-reanimated Pods/RNReanimated » RNReanimated-Info.plist
› Preparing expo-router Pods/ExpoHead » ExpoHead-Info.plist
› Executing expo-constants Pods/EXConstants » [CP-User] Generate app.config for prebuilt Constants.manifest
› Preparing expo-haptics Pods/ExpoHaptics » ExpoHaptics-Info.plist
› Preparing expo-font Pods/ExpoFont » ExpoFont-Info.plist
› Preparing expo-file-system Pods/ExpoFileSystem » ExpoFileSystem-Info.plist
› Preparing expo-crypto Pods/ExpoCrypto » ExpoCrypto-Info.plist
› Preparing expo-asset Pods/ExpoAsset » ExpoAsset-Info.plist
› Preparing expo-updates-interface Pods/EXUpdatesInterface » EXUpdatesInterface-Info.plist
› Preparing expo-manifests Pods/EXManifests » EXManifests-Info.plist
› Preparing expo-notifications Pods/EXNotifications » EXNotifications-Info.plist
› Preparing expo-web-browser Pods/ExpoWebBrowser » ExpoWebBrowser-Info.plist
› Preparing expo-splash-screen Pods/ExpoSplashScreen » ExpoSplashScreen-Info.plist
› Preparing expo-linking Pods/ExpoLinking » ExpoLinking-Info.plist
› Preparing expo-keep-awake Pods/ExpoKeepAwake » ExpoKeepAwake-Info.plist
› Preparing expo-image-picker Pods/ExpoImagePicker » ExpoImagePicker-Info.plist
› Preparing expo Pods/Expo » Expo-Info.plist
› Preparing expo-image-loader Pods/EXImageLoader » EXImageLoader-Info.plist
› Preparing expo-dev-menu Pods/expo-dev-menu » expo-dev-menu-Info.plist
› Preparing expo-application Pods/EXApplication » EXApplication-Info.plist
› Preparing expo-av Pods/EXAV » EXAV-Info.plist
› Preparing expo-dev-launcher Pods/expo-dev-launcher » expo-dev-launcher-Info.plist
› Preparing expo-constants Pods/EXConstants » EXConstants-Info.plist
› Preparing Pods/Pods-platnm » Pods-platnm-Info.plist
› Executing platnm » [Expo] Configure project
› Compiling platnm » SharedUserDefaults.m
› Linking   platnm » platnm.debug.dylib
⚠️  ld: ignoring duplicate libraries: '-lc++'
› Linking   platnm » platnm
› Generating debug platnm » platnm.app.dSYM
› Executing platnm » Bundle React Native code and images
› Executing platnm » [CP] Copy Pods Resources
› Executing platnm » [CP-User] [RNFB] Core Configuration
› Preparing platnm » Info.plist
› Generating debug platnm » platnm.app.dSYM
› Signing   platnm » platnm.debug.dylib
› Signing   platnm » __preview.dylib
› Signing   platnm » platnm.app
    Embedded binary's NSExtensionActivationRule is TRUEPREDICATE. Before you submit your containing app to the App Store, be sure to replace all uses of TRUEPREDICATE with specific predicate statements or NSExtensionActivationRule keys. If any extensions in your containing app include TRUEPREDICATE, the app will be rejected.
    Run script build phase 'Create Symlinks to Header Folders' will be run during every build because it does not specify any outputs. To address this issue, either add output dependencies to the script phase, or configure it to run in every build by unchecking "Based on dependency analysis" in the script phase. (in target 'Yoga' from project 'Pods')
    Run script build phase 'Create Symlinks to Header Folders' will be run during every build because it does not specify any outputs. To address this issue, either add output dependencies to the script phase, or configure it to run in every build by unchecking "Based on dependency analysis" in the script phase. (in target 'React-debug' from project 'Pods')
    Run script build phase 'Create Symlinks to Header Folders' will be run during every build because it does not specify any outputs. To address this issue, either add output dependencies to the script phase, or configure it to run in every build by unchecking "Based on dependency analysis" in the script phase. (in target 'React-rendererconsistency' from project 'Pods')
    Run script build phase '[CP-User] [RNFB] Core Configuration' will be run during every build because it does not specify any outputs. To address this issue, either add output dependencies to the script phase, or configure it to run in every build by unchecking "Based on dependency analysis" in the script phase. (in target 'platnm' from project 'platnm')
    Run script build phase 'Create Symlinks to Header Folders' will be run during every build because it does not specify any outputs. To address this issue, either add output dependencies to the script phase, or configure it to run in every build by unchecking "Based on dependency analysis" in the script phase. (in target 'RCT-Folly' from project 'Pods')
    Run script build phase 'Create Symlinks to Header Folders' will be run during every build because it does not specify any outputs. To address this issue, either add output dependencies to the script phase, or configure it to run in every build by unchecking "Based on dependency analysis" in the script phase. (in target 'React-rendererdebug' from project 'Pods')
    Run script build phase 'Create Symlinks to Header Folders' will be run during every build because it does not specify any outputs. To address this issue, either add output dependencies to the script phase, or configure it to run in every build by unchecking "Based on dependency analysis" in the script phase. (in target 'React-jsinspectortracing' from project 'Pods')
    Run script build phase 'Create Symlinks to Header Folders' will be run during every build because it does not specify any outputs. To address this issue, either add output dependencies to the script phase, or configure it to run in every build by unchecking "Based on dependency analysis" in the script phase. (in target 'React-featureflags' from project 'Pods')
    Run script build phase 'Create Symlinks to Header Folders' will be run during every build because it does not specify any outputs. To address this issue, either add output dependencies to the script phase, or configure it to run in every build by unchecking "Based on dependency analysis" in the script phase. (in target 'React-performancetimeline' from project 'Pods')
    Run script build phase 'Create Symlinks to Header Folders' will be run during every build because it does not specify any outputs. To address this issue, either add output dependencies to the script phase, or configure it to run in every build by unchecking "Based on dependency analysis" in the script phase. (in target 'React-jsitooling' from project 'Pods')
    Run script build phase 'Create Symlinks to Header Folders' will be run during every build because it does not specify any outputs. To address this issue, either add output dependencies to the script phase, or configure it to run in every build by unchecking "Based on dependency analysis" in the script phase. (in target 'React-runtimescheduler' from project 'Pods')
    Run script build phase 'Create Symlinks to Header Folders' will be run during every build because it does not specify any outputs. To address this issue, either add output dependencies to the script phase, or configure it to run in every build by unchecking "Based on dependency analysis" in the script phase. (in target 'React-graphics' from project 'Pods')
    Run script build phase 'Create Symlinks to Header Folders' will be run during every build because it does not specify any outputs. To address this issue, either add output dependencies to the script phase, or configure it to run in every build by unchecking "Based on dependency analysis" in the script phase. (in target 'React-renderercss' from project 'Pods')
    Run script build phase 'Create Symlinks to Header Folders' will be run during every build because it does not specify any outputs. To address this issue, either add output dependencies to the script phase, or configure it to run in every build by unchecking "Based on dependency analysis" in the script phase. (in target 'React-jserrorhandler' from project 'Pods')
    Run script build phase 'Create Symlinks to Header Folders' will be run during every build because it does not specify any outputs. To address this issue, either add output dependencies to the script phase, or configure it to run in every build by unchecking "Based on dependency analysis" in the script phase. (in target 'React-Fabric' from project 'Pods')
    Run script build phase 'Create Symlinks to Header Folders' will be run during every build because it does not specify any outputs. To address this issue, either add output dependencies to the script phase, or configure it to run in every build by unchecking "Based on dependency analysis" in the script phase. (in target 'React-microtasksnativemodule' from project 'Pods')
    Run script build phase 'Create Symlinks to Header Folders' will be run during every build because it does not specify any outputs. To address this issue, either add output dependencies to the script phase, or configure it to run in every build by unchecking "Based on dependency analysis" in the script phase. (in target 'React-idlecallbacksnativemodule' from project 'Pods')
    Run script build phase 'Create Symlinks to Header Folders' will be run during every build because it does not specify any outputs. To address this issue, either add output dependencies to the script phase, or configure it to run in every build by unchecking "Based on dependency analysis" in the script phase. (in target 'React-featureflagsnativemodule' from project 'Pods')
    Run script build phase 'Create Symlinks to Header Folders' will be run during every build because it does not specify any outputs. To address this issue, either add output dependencies to the script phase, or configure it to run in every build by unchecking "Based on dependency analysis" in the script phase. (in target 'React-RuntimeCore' from project 'Pods')
    Run script build phase 'Create Symlinks to Header Folders' will be run during every build because it does not specify any outputs. To address this issue, either add output dependencies to the script phase, or configure it to run in every build by unchecking "Based on dependency analysis" in the script phase. (in target 'React-ImageManager' from project 'Pods')
    Run script build phase 'Create Symlinks to Header Folders' will be run during every build because it does not specify any outputs. To address this issue, either add output dependencies to the script phase, or configure it to run in every build by unchecking "Based on dependency analysis" in the script phase. (in target 'React-FabricComponents' from project 'Pods')
    Run script build phase 'Create Symlinks to Header Folders' will be run during every build because it does not specify any outputs. To address this issue, either add output dependencies to the script phase, or configure it to run in every build by unchecking "Based on dependency analysis" in the script phase. (in target 'React-RuntimeHermes' from project 'Pods')
    Run script build phase 'Create Symlinks to Header Folders' will be run during every build because it does not specify any outputs. To address this issue, either add output dependencies to the script phase, or configure it to run in every build by unchecking "Based on dependency analysis" in the script phase. (in target 'React-domnativemodule' from project 'Pods')
    Run script build phase 'Create Symlinks to Header Folders' will be run during every build because it does not specify any outputs. To address this issue, either add output dependencies to the script phase, or configure it to run in every build by unchecking "Based on dependency analysis" in the script phase. (in target 'React-defaultsnativemodule' from project 'Pods')
    Run script build phase 'Create Symlinks to Header Folders' will be run during every build because it does not specify any outputs. To address this issue, either add output dependencies to the script phase, or configure it to run in every build by unchecking "Based on dependency analysis" in the script phase. (in target 'React-RuntimeApple' from project 'Pods')
    Run script build phase 'Create Symlinks to Header Folders' will be run during every build because it does not specify any outputs. To address this issue, either add output dependencies to the script phase, or configure it to run in every build by unchecking "Based on dependency analysis" in the script phase. (in target 'RNReanimated' from project 'Pods')
› Build Succeeded

› 0 error(s), and 37 warning(s)

Waiting on http://localhost:8081
› Installing /Users/platnm/Library/Developer/Xcode/DerivedData/platnm-bvaoihwitbumbpflktouuazukbsu/Build/Products/Debug-iphoneos/platnm.app
- CreatingStagingDirectory
✔ Complete 100%
